00:00:20 - INF - <module> - ('Servicio Finalizado',)
00:00:21 - INF - <module> - ('Servicio Iniciado',)
00:00:42 - INF - post - ('Ejecutando servicio de Login',)
00:01:38 - INF - <module> - ('Servicio Finalizado',)
00:01:38 - INF - <module> - ('Servicio Finalizado',)
01:10:03 - INF - post - ('Ejecutando servicio de Login',)
01:10:21 - INF - post - ('Ejecutando servicio de Login',)
01:10:30 - INF - post - ('Ejecutando servicio de Login',)
01:32:48 - INF - <module> - ('Servicio Finalizado',)
01:32:48 - INF - <module> - ('Servicio Finalizado',)
02:14:45 - INF - <module> - ('Servicio Iniciado',)
02:14:46 - INF - <module> - ('Servicio Iniciado',)
02:14:50 - INF - post - ('Ejecutando servicio de Login',)
02:14:56 - INF - post - ('Ejecutando servicio de Login',)
09:34:29 - INF - <module> - ('Servicio Iniciado',)
09:34:30 - INF - <module> - ('Servicio Iniciado',)
09:54:13 - INF - post - ('Ejecutando servicio de Login',)
10:06:17 - INF - <module> - ('Servicio Finalizado',)
10:06:17 - INF - <module> - ('Servicio Finalizado',)
10:17:13 - INF - <module> - ('Servicio Iniciado',)
10:17:14 - INF - <module> - ('Servicio Iniciado',)
10:26:27 - INF - post - ('Ejecutando servicio de Login',)
10:29:33 - INF - get - ('Ejecutando servicio de Listar Usuario',)
10:30:02 - INF - get - ('Ejecutando servicio para obtener todas las publicaciones',)
10:33:13 - INF - post - ('Ejecutando servicio de creación de publicación',)
10:33:42 - INF - get - ('Ejecutando servicio para obtener todas las publicaciones',)
10:34:25 - INF - post - ('Ejecutando servicio de Registro de Usuario',)
10:34:33 - INF - get - ('Ejecutando servicio de Listar Usuario',)
10:37:15 - INF - get - ('Ejecutando servicio de Listar Usuario',)
10:40:59 - INF - post - ('Ejecutando servicio de Login',)
10:43:41 - INF - post - ('Ejecutando servicio de Login',)
10:57:23 - INF - <module> - ('Servicio Finalizado',)
10:57:23 - INF - <module> - ('Servicio Finalizado',)
11:13:52 - INF - <module> - ('Servicio Iniciado',)
11:13:53 - INF - <module> - ('Servicio Iniciado',)
11:13:57 - INF - post - ('Ejecutando servicio de Login',)
11:31:20 - INF - post - ('Ejecutando servicio de Login',)
11:31:30 - INF - post - ('Ejecutando servicio de Login',)
11:47:52 - INF - post - ('Ejecutando servicio de Login',)
11:48:03 - INF - post - ('Ejecutando servicio de Login',)
11:48:22 - INF - post - ('Ejecutando servicio de Login',)
11:48:36 - INF - post - ('Ejecutando servicio de Login',)
13:04:12 - INF - post - ('Ejecutando servicio de Login',)
13:04:17 - INF - post - ('Ejecutando servicio de Login',)
13:11:55 - INF - post - ('Ejecutando servicio de Login',)
13:12:05 - INF - post - ('Ejecutando servicio de Login',)
14:05:20 - INF - <module> - ('Servicio Finalizado',)
14:05:20 - INF - <module> - ('Servicio Finalizado',)
