00:25:44 - INF - <module> - ('Servicio Iniciado',)
00:25:45 - INF - <module> - ('Servicio Iniciado',)
00:25:49 - INF - get - ('Ejecutando servicio de Listar Usuario',)
00:25:49 - INF - TokenValidate - ('Error al validar el token',)
00:25:53 - INF - post - ('Ejecutando servicio de Login',)
00:26:34 - INF - <module> - ('Servicio Finalizado',)
00:26:35 - INF - <module> - ('Servicio Iniciado',)
00:26:36 - INF - post - ('Ejecutando servicio de Login',)
00:27:25 - INF - post - ('Ejecutando servicio de Login',)
00:28:57 - INF - post - ('Ejecutando servicio de Login',)
00:30:53 - INF - post - ('Ejecutando servicio de Login',)
00:32:05 - INF - post - ('Ejecutando servicio de Login',)
00:32:22 - INF - post - ('Ejecutando servicio de Login',)
00:32:31 - INF - <module> - ('Servicio Finalizado',)
00:32:31 - INF - <module> - ('Servicio Finalizado',)
00:32:35 - INF - <module> - ('Servicio Iniciado',)
00:32:36 - INF - <module> - ('Servicio Iniciado',)
00:32:40 - INF - post - ('Ejecutando servicio de Login',)
00:33:20 - INF - post - ('Ejecutando servicio de Login',)
00:35:46 - INF - <module> - ('Servicio Finalizado',)
00:35:46 - INF - <module> - ('Servicio Finalizado',)
00:37:18 - INF - <module> - ('Servicio Iniciado',)
00:37:18 - INF - <module> - ('Servicio Iniciado',)
00:39:44 - INF - <module> - ('Servicio Finalizado',)
00:39:44 - INF - <module> - ('Servicio Finalizado',)
00:39:45 - INF - <module> - ('Servicio Iniciado',)
00:39:46 - INF - <module> - ('Servicio Iniciado',)
00:39:58 - INF - <module> - ('Servicio Finalizado',)
00:39:58 - INF - <module> - ('Servicio Finalizado',)
00:39:59 - INF - <module> - ('Servicio Iniciado',)
00:40:00 - INF - <module> - ('Servicio Iniciado',)
00:44:24 - INF - <module> - ('Servicio Finalizado',)
00:44:24 - INF - <module> - ('Servicio Finalizado',)
00:45:17 - INF - <module> - ('Servicio Iniciado',)
00:45:18 - INF - <module> - ('Servicio Iniciado',)
00:48:40 - INF - <module> - ('Servicio Finalizado',)
00:48:41 - INF - <module> - ('Servicio Finalizado',)
01:00:30 - INF - <module> - ('Servicio Iniciado',)
01:00:30 - INF - <module> - ('Servicio Iniciado',)
01:00:39 - INF - post - ('Ejecutando servicio de creación de publicación',)
01:00:50 - INF - post - ('Ejecutando servicio de creación de publicación',)
01:02:18 - INF - <module> - ('Servicio Finalizado',)
01:02:19 - INF - <module> - ('Servicio Iniciado',)
01:02:27 - INF - <module> - ('Servicio Finalizado',)
01:02:27 - INF - <module> - ('Servicio Finalizado',)
01:02:30 - INF - <module> - ('Servicio Iniciado',)
01:02:31 - INF - <module> - ('Servicio Iniciado',)
01:02:34 - INF - post - ('Ejecutando servicio de creación de publicación',)
01:02:53 - INF - <module> - ('Servicio Finalizado',)
01:02:54 - INF - <module> - ('Servicio Iniciado',)
01:02:58 - INF - post - ('Ejecutando servicio de creación de publicación',)
01:05:29 - INF - <module> - ('Servicio Finalizado',)
01:05:29 - INF - <module> - ('Servicio Finalizado',)
01:14:32 - INF - <module> - ('Servicio Iniciado',)
01:14:33 - INF - <module> - ('Servicio Iniciado',)
01:14:41 - INF - get - ('Ejecutando servicio para obtener todas las publicaciones',)
01:14:42 - INF - get - ('Ejecutando servicio para obtener todas las publicaciones',)
01:15:39 - INF - <module> - ('Servicio Finalizado',)
01:15:40 - INF - <module> - ('Servicio Iniciado',)
01:15:40 - INF - get - ('Ejecutando servicio para obtener todas las publicaciones',)
01:17:52 - INF - post - ('Ejecutando servicio de Login',)
01:18:04 - INF - post - ('Ejecutando servicio de Login',)
01:18:14 - INF - get - ('Ejecutando servicio de Listar Usuario',)
01:18:47 - INF - <module> - ('Servicio Finalizado',)
01:18:47 - INF - <module> - ('Servicio Iniciado',)
01:18:51 - INF - get - ('Ejecutando servicio de Listar Usuario',)
01:19:01 - INF - <module> - ('Servicio Finalizado',)
01:19:02 - INF - <module> - ('Servicio Iniciado',)
01:19:02 - INF - get - ('Ejecutando servicio de Listar Usuario',)
01:19:12 - INF - get - ('Ejecutando servicio para obtener todas las publicaciones',)
01:28:54 - INF - post - ('Ejecutando servicio de creación de publicación',)
01:45:44 - INF - <module> - ('Servicio Finalizado',)
01:45:44 - INF - <module> - ('Servicio Finalizado',)
12:31:02 - INF - <module> - ('Servicio Iniciado',)
12:31:03 - INF - <module> - ('Servicio Iniciado',)
12:31:25 - INF - get - ('Ejecutando servicio para obtener todas las publicaciones',)
12:32:14 - INF - post - ('Ejecutando servicio de Login',)
12:32:32 - INF - get - ('Ejecutando servicio de Listar Usuario',)
12:36:53 - INF - <module> - ('Servicio Finalizado',)
12:36:53 - INF - <module> - ('Servicio Finalizado',)
14:19:57 - INF - <module> - ('Servicio Iniciado',)
14:19:58 - INF - <module> - ('Servicio Iniciado',)
14:20:06 - INF - get - ('Ejecutando servicio para obtener todas las publicaciones',)
14:20:08 - INF - get - ('Ejecutando servicio para obtener todas las publicaciones',)
14:20:13 - INF - post - ('Ejecutando servicio de Login',)
14:20:16 - INF - post - ('Ejecutando servicio de Login',)
14:20:19 - INF - <module> - ('Servicio Finalizado',)
14:20:19 - INF - <module> - ('Servicio Finalizado',)
