19:14:02 - INF - <module> - ('Servicio Iniciado',)
19:14:02 - INF - <module> - ('Servicio Iniciado',)
19:14:54 - INF - <module> - ('Servicio Finalizado',)
19:14:54 - INF - <module> - ('Servicio Finalizado',)
19:17:55 - INF - <module> - ('Servicio Iniciado',)
19:17:55 - INF - <module> - ('Servicio Iniciado',)
19:18:53 - INF - <module> - ('Servicio Finalizado',)
19:18:53 - INF - <module> - ('Servicio Finalizado',)
19:53:32 - INF - <module> - ('Servicio Iniciado',)
19:53:33 - INF - <module> - ('Servicio Iniciado',)
19:54:02 - INF - post - ('Ejecutando servicio de Login',)
19:55:09 - INF - <module> - ('Servicio Finalizado',)
19:55:09 - INF - <module> - ('Servicio Finalizado',)
20:29:29 - INF - <module> - ('Servicio Iniciado',)
20:29:30 - INF - <module> - ('Servicio Iniciado',)
20:29:45 - INF - post - ('Ejecutando servicio de Login',)
20:30:11 - INF - post - ('Ejecutando servicio de Login',)
20:30:40 - INF - post - ('Ejecutando servicio de Login',)
20:31:07 - INF - get - ('Ejecutando servicio de Listar Usuario',)
20:31:20 - INF - post - ('Ejecutando servicio de Login',)
20:31:33 - INF - post - ('Ejecutando servicio de Login',)
20:38:16 - INF - <module> - ('Servicio Finalizado',)
20:38:17 - INF - <module> - ('Servicio Finalizado',)
21:41:56 - INF - <module> - ('Servicio Iniciado',)
21:41:56 - INF - <module> - ('Servicio Iniciado',)
21:41:57 - INF - post - ('Ejecutando servicio de creación de publicación',)
21:43:36 - INF - <module> - ('Servicio Finalizado',)
21:43:37 - INF - <module> - ('Servicio Iniciado',)
21:43:37 - INF - post - ('Ejecutando servicio de creación de publicación',)
21:44:36 - INF - <module> - ('Servicio Finalizado',)
21:44:37 - INF - <module> - ('Servicio Iniciado',)
21:44:54 - INF - <module> - ('Servicio Finalizado',)
21:44:54 - INF - <module> - ('Servicio Finalizado',)
